<?xml version="1.0" encoding="UTF-8"?>
<!-- Generated by org.testng.reporters.JUnitXMLReporter -->
<testsuite hostname="Harshi" ignored="0" name="Default test" tests="4" failures="0" timestamp="05 Apr 2019 11:22:06 GMT" time="89.606" errors="0">
  <testcase name="facebookTest" time="50.455" classname="Selenium.dataDrivenExample"/>
  <testcase name="facebookTest" time="39.105" classname="Selenium.dataDrivenExample"/>
  <testcase name="testDatafromDataProvider" time="0.0" classname="Selenium.dataDrivenExample"/>
  <testcase name="testDatafromDataProvider" time="0.001" classname="Selenium.dataDrivenExample"/>
</testsuite> <!-- Default test -->
