<?xml version="1.0" encoding="UTF-8"?>
<testng-results skipped="0" failed="0" ignored="0" total="1" passed="1">
  <reporter-output>
  </reporter-output>
  <suite name="Default suite" duration-ms="956" started-at="2019-04-02T08:02:10Z" finished-at="2019-04-02T08:02:11Z">
    <groups>
    </groups>
    <test name="Default test" duration-ms="956" started-at="2019-04-02T08:02:10Z" finished-at="2019-04-02T08:02:11Z">
      <class name="javaPra.excelTest">
        <test-method status="PASS" signature="TestExcel()[pri:0, instance:javaPra.excelTest@6f7fd0e6]" name="TestExcel" duration-ms="937" started-at="2019-04-02T13:32:10Z" finished-at="2019-04-02T13:32:11Z">
          <reporter-output>
          </reporter-output>
        </test-method> <!-- TestExcel -->
      </class> <!-- javaPra.excelTest -->
    </test> <!-- Default test -->
  </suite> <!-- Default suite -->
</testng-results>
